Arguments: 
  C:\Program Files\nodejs\node.exe C:\Program Files (x86)\Yarn\bin\yarn.js

PATH: 
  C:\Users\金麦\bin;C:\Program Files\Git\mingw64\bin;C:\Program Files\Git\usr\local\bin;C:\Program Files\Git\usr\bin;C:\Program Files\Git\usr\bin;C:\Program Files\Git\mingw64\bin;C:\Program Files\Git\usr\bin;C:\Users\金麦\bin;C:\Program Files\Python39\Scripts;C:\Program Files\Python39;C:\Program Files (x86)\Common Files\Intel\Shared Libraries\redist\intel64\compiler;C:\Program Files (x86)\Common Files\Intel\Shared Files\cpp\bin\Intel64;C:\Windows\system32;C:\Windows;C:\Windows\System32\Wbem;C:\Windows\System32\WindowsPowerShell\v1.0;C:\Windows\System32\OpenSSH;C:\Program Files (x86)\NVIDIA Corporation\PhysX\Common;C:\Program Files\Common Files\Autodesk Shared;C:\Program Files\Git\cmd;C:\Program Files (x86)\Yarn\bin;C:\Users\金麦\AppData\Roaming\npm\node_modules\http-server\bin\http-server;E:\google\nvm;C:\Program Files\nodejs;C:\Program Files\TortoiseGit\bin;C:\Program Files\nodejs;C:\Users\金麦\AppData\Local\Microsoft\WindowsApps;C:\Users\金麦\AppData\Local\Programs\Microsoft VS Code\bin;C:\Users\金麦\AppData\Local\Yarn\bin;C:\Users\金麦\AppData\Roaming\npm\node_modules\http-server\bin\http-server;E:\google\nvm;C:\Program Files\nodejs;C:\Users\金麦\AppData\Roaming\npm;C:\Program Files\Git\usr\bin\vendor_perl;C:\Program Files\Git\usr\bin\core_perl

Yarn version: 
  1.22.4

Node version: 
  16.6.2

Platform: 
  win32 x64

Trace: 
  Error: EPERM: operation not permitted, unlink 'D:\next-stair-v2\node_modules\esbuild-windows-64\esbuild.exe'

npm manifest: 
  {
    "name": "next-stair-v2",
    "version": "0.0.0",
    "scripts": {
      "dev": "vite",
      "build": "vite build",
      "serve": "vite preview"
    },
    "dependencies": {
      "pixi.js": "^6.1.3",
      "victor": "^1.1.0",
      "vue": "^3.2.16",
      "xstate": "^4.25.0"
    },
    "devDependencies": {
      "@vitejs/plugin-vue": "^1.9.3",
      "vite": "^2.6.4"
    }
  }

yarn manifest: 
  No manifest

Lockfile: 
  # THIS IS AN AUTOGENERATED FILE. DO NOT EDIT THIS FILE DIRECTLY.
  # yarn lockfile v1
  
  
  "@babel/parser@^7.15.0":
    version "7.15.8"
    resolved "https://registry.npmjs.org/@babel/parser/-/parser-7.15.8.tgz#7bacdcbe71bdc3ff936d510c15dcea7cf0b99016"
    integrity sha512-BRYa3wcQnjS/nqI8Ac94pYYpJfojHVvVXJ97+IDCImX4Jc8W8Xv1+47enbruk+q1etOpsQNwnfFcNGw+gtPGxA==
  
  "@pixi/accessibility@6.1.3":
    version "6.1.3"
    resolved "https://registry.npmjs.org/@pixi/accessibility/-/accessibility-6.1.3.tgz#39fccd638a9c8fba7e60ae25d1acce57e6d49ecc"
    integrity sha512-JK6rtqfC2/rnJt1xLPznH2lNH0Jx9f2Py7uh50VM1sqoYrkyAAegenbOdyEzgB35Q4oQji3aBkTsWn2mrwXp/g==
  
  "@pixi/app@6.1.3":
    version "6.1.3"
    resolved "https://registry.npmjs.org/@pixi/app/-/app-6.1.3.tgz#3a3c50788b65317ee2f394231f84efc9142870e0"
    integrity sha512-gryDVXuzErRIgY5G2CRQH6fZM7Pk3m1CFEInXEKa4rmVzfwRz+3OeU0YNSnD9atPAS5C2TaAzE4yOSHH2+wESQ==
  
  "@pixi/compressed-textures@6.1.3":
    version "6.1.3"
    resolved "https://registry.npmjs.org/@pixi/compressed-textures/-/compressed-textures-6.1.3.tgz#1a3653decf1a826b332601c0f93f7ddc2a2d5fa2"
    integrity sha512-FO2B7GhDMlZA0fnpH2PvNOh6ZlRxQoJnNlpjzNw+x1nvF9h3+V6dbFoG9oBC5zAisTfacdfoo1TdT789Oh+kTg==
  
  "@pixi/constants@6.1.3":
    version "6.1.3"
    resolved "https://registry.npmjs.org/@pixi/constants/-/constants-6.1.3.tgz#0de755b8616a5e290a7f6f61074afbe7ca9e8323"
    integrity sha512-Qvz/SIxw+dQ6P9niOEdILWX2DQ5FnGA0XZNFLW/3amekzad/+WqHobL+Mg5S6A4/a9mXTnqjyB0BqhhtLfpFkA==
  
  "@pixi/core@6.1.3":
    version "6.1.3"
    resolved "https://registry.npmjs.org/@pixi/core/-/core-6.1.3.tgz#4a94178f211f1b66d544b7174063c546883c8234"
    integrity sha512-UQsR1Q7c+Zcvtu6HrYMidvoyF/j9n3b4WXPh3ojuNV6+ZIvps3rznoZYaIx6foEJNhj7HM9fMObsimGP+FB36A==
  
  "@pixi/display@6.1.3":
    version "6.1.3"
    resolved "https://registry.npmjs.org/@pixi/display/-/display-6.1.3.tgz#541cbeb7d64a5253a1d5bc8f878fa7335c043f40"
    integrity sha512-8/GdapJVKfl6PUkxX/Et5zB1aXny+uy353cQX886KJ6dGle82fQAYjIn7I6Xm+JiZWOhWo0N6KE9cjotO0rroA==
  
  "@pixi/extract@6.1.3":
    version "6.1.3"
    resolved "https://registry.npmjs.org/@pixi/extract/-/extract-6.1.3.tgz#e8e2a24a2cc87b52a63c791745d2e272a8a13520"
    integrity sha512-yZOsXc9Lh+U59ayl+DoWDPmndrOJj5ft2nzENMAvz2rVEOHQjWxH73qCSP6Wa5VsoINyJLMmV4MTbI+U0SH7GA==
  
  "@pixi/filter-alpha@6.1.3":
    version "6.1.3"
    resolved "https://registry.npmjs.org/@pixi/filter-alpha/-/filter-alpha-6.1.3.tgz#4dafbefb8309386ae42d7330c1521caef15c6a96"
    integrity sha512-eubgEO/qlxQbuPXgwxTZxTBTWjA0EQbrs7TyPqyBK2Wj0eEvimaVQ8u4eiqfMFJCZLnuWDCAPJpP9bMHxBXXpQ==
  
  "@pixi/filter-blur@6.1.3":
    version "6.1.3"
    resolved "https://registry.npmjs.org/@pixi/filter-blur/-/filter-blur-6.1.3.tgz#c50e38f518dd85c5fc24d8f520777cc2a80d7714"
    integrity sha512-uo8FHpV+qm4SuXcDnWqZWrznHmLJ3b8ibgLAgi/e8VmwrFiC+EqGa4n4V8J+xtR5P/iA3lT5pRgWw09/xHN3dQ==
  
  "@pixi/filter-color-matrix@6.1.3":
    version "6.1.3"
    resolved "https://registry.npmjs.org/@pixi/filter-color-matrix/-/filter-color-matrix-6.1.3.tgz#a04f105adfaf9628f4122fcd01a5af295bd98cab"
    integrity sha512-d1pyxmVrGDOrO5pINe+fTspj1NNxiIp2IZ+FGgT7e17xnxjXTvtk4n4KqXAZFS1NCoStImDAV5j+b8Lysdg5jQ==
  
  "@pixi/filter-displacement@6.1.3":
    version "6.1.3"
    resolved "https://registry.npmjs.org/@pixi/filter-displacement/-/filter-displacement-6.1.3.tgz#a806f598298852d5165e7a1a20f0b8b0cc41a121"
    integrity sha512-tIXK8vXzb2unMxGmu4gjdlOwddnkHA0IJXFTOF25a5h36v/AHqWwWG4h5G775oPu37UuhuYjeD/j229t0Q9QNQ==
  
  "@pixi/filter-fxaa@6.1.3":
    version "6.1.3"
    resolved "https://registry.npmjs.org/@pixi/filter-fxaa/-/filter-fxaa-6.1.3.tgz#dc2621e0a0ad4e7032ca7dba8d904cf3f1272b52"
    integrity sha512-yhKVxX5vFKQz3lxfqAGg4XoajFyIRR8XzWqEHgAsPMFRnIIQIbF25bMRygZj12P61z3vxwqAM/2bn7S46Ii1zQ==
  
  "@pixi/filter-noise@6.1.3":
    version "6.1.3"
    resolved "https://registry.npmjs.org/@pixi/filter-noise/-/filter-noise-6.1.3.tgz#e369b390202f4b930cb1eee880fca4a7f71d001e"
    integrity sha512-oVRtcJwbN6VnAnvXZuLEZ0c12JUzporao5AziXgRAUjTMA3bFVE0/7Dx193Kx/l6UAasmzhWQctuv6NMxy5Efw==
  
  "@pixi/graphics@6.1.3":
    version "6.1.3"
    resolved "https://registry.npmjs.org/@pixi/graphics/-/graphics-6.1.3.tgz#aeb6c9acc09b023275ac5bc08c0840272588fa35"
    integrity sha512-e5O47yECRp5WXWIvKhLDQKpiak7CfIqJzuTuQIyE7jXp8QiJNw+aoWNlJEd4ksKbsDkP3EE39CxlmiaBpxNL3w==
  
  "@pixi/interaction@6.1.3":
    version "6.1.3"
    resolved "https://registry.npmjs.org/@pixi/interaction/-/interaction-6.1.3.tgz#12a3217efa1c5181d50c97c2a8700cd35bb59b32"
    integrity sha512-ju3fE/KnO6KZChnZzZAdY6bfjlSh7/igZcVcd/MZRkAdNozx4QoN5sYmwrcvTvA5llMYaThSIRWgIHQiSlbOfQ==
  
  "@pixi/loaders@6.1.3":
    version "6.1.3"
    resolved "https://registry.npmjs.org/@pixi/loaders/-/loaders-6.1.3.tgz#d2f6b13b16898638d6c23639ffaa5dcbc0ae0344"
    integrity sha512-qOvy72bsVGzCmWyoofm6dm1l//hd+bJneidngplwsovpqnnyMfuewCpQjeLRL6rLqcHR40V1+Qo4iJ+ElMdVZQ==
  
  "@pixi/math@6.1.3":
    version "6.1.3"
    resolved "https://registry.npmjs.org/@pixi/math/-/math-6.1.3.tgz#a10e8ae78e33ee05cf30feb4fcd8474a9a2e4d12"
    integrity sha512-1bLZeHpG38Bz6TESwxayNbL7tztOd7gpZDXS5OiBB9n8SFZeKlWfRQ/aJrvjoBz2qsZf9gGeVKsHpC/FJz0qnA==
  
  "@pixi/mesh-extras@6.1.3":
    version "6.1.3"
    resolved "https://registry.npmjs.org/@pixi/mesh-extras/-/mesh-extras-6.1.3.tgz#951ad3ccc86529f304a5434eb5b826378177d061"
    integrity sha512-HuTV8SkTQZDU1bmHmJWRo+4Hiz89oCuOonE3ckfqsoAoULfImgU72qqNIq7Vxmnu3kXoXAwV+fvOl49OzWl4+w==
  
  "@pixi/mesh@6.1.3":
    version "6.1.3"
    resolved "https://registry.npmjs.org/@pixi/mesh/-/mesh-6.1.3.tgz#a7e124643eade3579865f83dfa4f594f1578269d"
    integrity sha512-TF9eKNQdowozVOr4G05+Auku2EK8XwDXKYVvMYvt6Tsn2DLSrRhWl7xYyj4EuTjW/4eaP/c2QqY18cEMoMtJiQ==
  
  "@pixi/mixin-cache-as-bitmap@6.1.3":
    version "6.1.3"
    resolved "https://registry.npmjs.org/@pixi/mixin-cache-as-bitmap/-/mixin-cache-as-bitmap-6.1.3.tgz#2dda4d33f7262661075a8c8ca41fc173e3687832"
    integrity sha512-mEa0kn3Mou3KhbAUpaGnvmPz/ifI/41af1N6kVcTz1V8cu4BI/f74xLv5pKkQtp+xzWlquGo/2z9urkrRFD6qA==
  
  "@pixi/mixin-get-child-by-name@6.1.3":
    version "6.1.3"
    resolved "https://registry.npmjs.org/@pixi/mixin-get-child-by-name/-/mixin-get-child-by-name-6.1.3.tgz#103dd6c4e94836512a0ce60f5af8e9b23e3f9b0c"
    integrity sha512-HHrnA1MtsMSyW0lOnBlklHp7j3JGYHIyick4b8F8p8eKqOFiAVdLzf4tmX/fKF4zs6i7DuYKE8G9Z7vpAhyrFg==
  
  "@pixi/mixin-get-global-position@6.1.3":
    version "6.1.3"
    resolved "https://registry.npmjs.org/@pixi/mixin-get-global-position/-/mixin-get-global-position-6.1.3.tgz#a885291ee111933eb8e7f1e0064ca4ec13110651"
    integrity sha512-XqhEyViMlGOS+p2LKW2tFjQy4ghbARKriwgY10MGvNApHHZbUDL3VKM1EmR6F2Xj8PPmycWRw/0oBu148O2KhQ==
  
  "@pixi/particle-container@6.1.3":
    version "6.1.3"
    resolved "https://registry.npmjs.org/@pixi/particle-container/-/particle-container-6.1.3.tgz#4c2d35f7da4ad000062ff5cc9fda09e32b400632"
    integrity sha512-pZqRRL5Yx2Yy30cdjsNEXRpTfl1WEf640ZLVHX2+fcKcWftPJaIXQZR+0aLvijyWF3VA4O/r/8IxhYgiMkqAUQ==
  
  "@pixi/polyfill@6.1.3":
    version "6.1.3"
    resolved "https://registry.npmjs.org/@pixi/polyfill/-/polyfill-6.1.3.tgz#3bb1025de2c98c56a86ae46281286e38a4300f01"
    integrity sha512-e+g2sHK/ORKDOrhJ86zZgdMSkQNzKdkaMw/UUFZ5wEUJgltoqF7H0zwNVPPO/1m7hfrN02PBMinYtXM+qFdY/A==
    dependencies:
      object-assign "^4.1.1"
      promise-polyfill "^8.2.0"
  
  "@pixi/prepare@6.1.3":
    version "6.1.3"
    resolved "https://registry.npmjs.org/@pixi/prepare/-/prepare-6.1.3.tgz#21cb4e8f2af841aee8771c4aeb92b7f6728706f1"
    integrity sha512-zjv81fPJjdQyWGCbA9Ij04GfwJUYA3j6/vFyJFaDKVMqEWzNDJwu40G00P23BXh3F5dYL638EXvyLYDQavjseg==
  
  "@pixi/runner@6.1.3":
    version "6.1.3"
    resolved "https://registry.npmjs.org/@pixi/runner/-/runner-6.1.3.tgz#603ec9187946a16e7e17fdb6c73ea134b1610770"
    integrity sha512-hJw7O9enlei7Cp5/j2REKuUjvyyC4BGqmVycmt01jTYyphRYMNQgyF+OjwrL7nidZMXnCVzfNKWi8e5+c4wssg==
  
  "@pixi/settings@6.1.3":
    version "6.1.3"
    resolved "https://registry.npmjs.org/@pixi/settings/-/settings-6.1.3.tgz#bd1c634c02a6175657009279b36a7b1f73e40565"
    integrity sha512-laKwS4/R+bTQokKIeMeMO4orvSNTMWUpNRXJbDq7N29bCrA5pT6BW+LNZ+4gJs4TFK/s9bmP/xU5BlPVKHRoyg==
    dependencies:
      ismobilejs "^1.1.0"
  
  "@pixi/sprite-animated@6.1.3":
    version "6.1.3"
    resolved "https://registry.npmjs.org/@pixi/sprite-animated/-/sprite-animated-6.1.3.tgz#e9856c68c421a1a0d59c7ba3dfdf8944fa7265d4"
    integrity sha512-COrFkmcMPxyv3zGRJJrNB2nOdaeDEOYTkbxUcNxMSJ7eT3O3PUX5XEvfOW7bl2zHkt8XraIQ66uwWychqGHx7Q==
  
  "@pixi/sprite-tiling@6.1.3":
    version "6.1.3"
    resolved "https://registry.npmjs.org/@pixi/sprite-tiling/-/sprite-tiling-6.1.3.tgz#e121d1098f55fe8307068ce130295d62982a440b"
    integrity sha512-om+RrModhNFljb8C1fhpGKtgt5k5AW9gCjFfeBPN+5pVdVjtc/luyO2Cbubpeow9YQldrUZri9it63GBo07Cfw==
  
  "@pixi/sprite@6.1.3":
    version "6.1.3"
    resolved "https://registry.npmjs.org/@pixi/sprite/-/sprite-6.1.3.tgz#3d3adf37abfcbdf36166079d6640eefede6cb4a5"
    integrity sha512-TzvqeRV+bbxFbucR74c28wcDsCbXic+5dONM+fy31ejAIraKbigzKbgHxH6opgLEMMh5APzmJPlwntYdEUGSXQ==
  
  "@pixi/spritesheet@6.1.3":
    version "6.1.3"
    resolved "https://registry.npmjs.org/@pixi/spritesheet/-/spritesheet-6.1.3.tgz#4ffd26fd523eccf7c15648593121b4ad851f953e"
    integrity sha512-QUqAYUzn/+0JlzrLo7ASIFzJSteGZuNMxKwyFL29JtttUIjdJlXe3+jrfUMAu6gewYd9HVYkXJ0ODhH8PH6KpA==
  
  "@pixi/text-bitmap@6.1.3":
    version "6.1.3"
    resolved "https://registry.npmjs.org/@pixi/text-bitmap/-/text-bitmap-6.1.3.tgz#d4f75a6e50236eb6e36d2ea2be0b86653a5bf0dc"
    integrity sha512-x46qOVoosl67dBrG3mgd2eQx3A9NTxWUnzgRpk5vsNfLLNRu6XlM+YoscRMuHT5sLEEBLewjcVxzAAkrSW45eQ==
  
  "@pixi/text@6.1.3":
    version "6.1.3"
    resolved "https://registry.npmjs.org/@pixi/text/-/text-6.1.3.tgz#199dabee7693bfde50da397ad149c403b040934e"
    integrity sha512-R0D3cbwwLbQOfobja4NGhq0bF7biCfNE3PXsOmTEsWOroVJqUexIob5XZXoT9Avy3B8nlrB2Hyl5imIQx60jFw==
  
  "@pixi/ticker@6.1.3":
    version "6.1.3"
    resolved "https://registry.npmjs.org/@pixi/ticker/-/ticker-6.1.3.tgz#cbfed106bed40677349639263dfc5662044acb18"
    integrity sha512-ZSuhe5HrmkDoqSIZjETUGYCQr/EbtDQGngq0LQLAgblyhAJbi4p/B3uf2XGfRNZ7Tdxdl0j81BmUqBEu2+DeoA==
  
  "@pixi/utils@6.1.3":
    version "6.1.3"
    resolved "https://registry.npmjs.org/@pixi/utils/-/utils-6.1.3.tgz#322341ed314b70055d56bf1e9898ee99a58ff525"
    integrity sha512-05mm9TBbpYorYO3ALC4CVgR5K6sA/0uhnwE/Zl4ZhNJZN699LrIr0OWFQhxhySeGUPMDaizeEZpn2rhx+CYYpg==
    dependencies:
      "@types/earcut" "^2.1.0"
      earcut "^2.2.2"
      eventemitter3 "^3.1.0"
      url "^0.11.0"
  
  "@types/earcut@^2.1.0":
    version "2.1.1"
    resolved "https://registry.npmjs.org/@types/earcut/-/earcut-2.1.1.tgz#573a0af609f17005c751f6f4ffec49cfe358ea51"
    integrity sha512-w8oigUCDjElRHRRrMvn/spybSMyX8MTkKA5Dv+tS1IE/TgmNZPqUYtvYBXGY8cieSE66gm+szeK+bnbxC2xHTQ==
  
  "@vitejs/plugin-vue@^1.9.3":
    version "1.9.3"
    resolved "https://registry.npmjs.org/@vitejs/plugin-vue/-/plugin-vue-1.9.3.tgz#93d61893ce6c723d0209af0483ec8b91a2cd811f"
    integrity sha512-yW6H/q+4Mc2PcVjSOelcsMrg/k15DnMUz8jyCFsI04emc3aLwo4AoofUfGnjHUkgirrDxSJLVqQVGhonQ3yykA==
  
  "@vue/compiler-core@3.2.20":
    version "3.2.20"
    resolved "https://registry.npmjs.org/@vue/compiler-core/-/compiler-core-3.2.20.tgz#af5a3c5237818835b0d0be837eb5885a8d21c160"
    integrity sha512-vcEXlKXoPwBXFP5aUTHN9GTZaDfwCofa9Yu9bbW2C5O/QSa9Esdt7OG4+0RRd3EHEMxUvEdj4RZrd/KpQeiJbA==
    dependencies:
      "@babel/parser" "^7.15.0"
      "@vue/shared" "3.2.20"
      estree-walker "^2.0.2"
      source-map "^0.6.1"
  
  "@vue/compiler-dom@3.2.20":
    version "3.2.20"
    resolved "https://registry.npmjs.org/@vue/compiler-dom/-/compiler-dom-3.2.20.tgz#8e0ef354449c0faf41519b00bfc2045eae01dcb5"
    integrity sha512-QnI77ec/JtV7R0YBbcVayYTDCRcI9OCbxiUQK6izVyqQO0658n0zQuoNwe+bYgtqnvGAIqTR3FShTd5y4oOjdg==
    dependencies:
      "@vue/compiler-core" "3.2.20"
      "@vue/shared" "3.2.20"
  
  "@vue/compiler-sfc@3.2.20":
    version "3.2.20"
    resolved "https://registry.npmjs.org/@vue/compiler-sfc/-/compiler-sfc-3.2.20.tgz#2d7668e76f066c566dd7c09c15c9acce4e876e0a"
    integrity sha512-03aZo+6tQKiFLfunHKSPZvdK4Jsn/ftRCyaro8AQIWkuxJbvSosbKK6HTTn+D2c3nPScG155akJoxKENw7rftQ==
    dependencies:
      "@babel/parser" "^7.15.0"
      "@vue/compiler-core" "3.2.20"
      "@vue/compiler-dom" "3.2.20"
      "@vue/compiler-ssr" "3.2.20"
      "@vue/ref-transform" "3.2.20"
      "@vue/shared" "3.2.20"
      estree-walker "^2.0.2"
      magic-string "^0.25.7"
      postcss "^8.1.10"
      source-map "^0.6.1"
  
  "@vue/compiler-ssr@3.2.20":
    version "3.2.20"
    resolved "https://registry.npmjs.org/@vue/compiler-ssr/-/compiler-ssr-3.2.20.tgz#9cceb6261d9932cb5568202610c1c28f86c5e521"
    integrity sha512-rzzVVYivm+EjbfiGQvNeyiYZWzr6Hkej97RZLZvcumacQlnKv9176Xo9rRyeWwFbBlxmtNdrVMslRXtipMXk2w==
    dependencies:
      "@vue/compiler-dom" "3.2.20"
      "@vue/shared" "3.2.20"
  
  "@vue/reactivity@3.2.20":
    version "3.2.20"
    resolved "https://registry.npmjs.org/@vue/reactivity/-/reactivity-3.2.20.tgz#81fe1c368e7f20bc0ec1dec1045bbee253582de8"
    integrity sha512-nSmoLojUTk+H8HNTAkrUduB4+yIUBK2HPihJo2uXVSH4Spry6oqN6lFzE5zpLK+F27Sja+UqR9R1+/kIOsHV5w==
    dependencies:
      "@vue/shared" "3.2.20"
  
  "@vue/ref-transform@3.2.20":
    version "3.2.20"
    resolved "https://registry.npmjs.org/@vue/ref-transform/-/ref-transform-3.2.20.tgz#2a59ec90caf8e5c7336776a0900bff0a8b81c090"
    integrity sha512-Y42d3PGlYZ1lXcF3dbd3+qU/C/a3wYEZ949fyOI5ptzkjDWlkfU6vn74fmOjsLjEcjs10BXK2qO99FqQIK2r1Q==
    dependencies:
      "@babel/parser" "^7.15.0"
      "@vue/compiler-core" "3.2.20"
      "@vue/shared" "3.2.20"
      estree-walker "^2.0.2"
      magic-string "^0.25.7"
  
  "@vue/runtime-core@3.2.20":
    version "3.2.20"
    resolved "https://registry.npmjs.org/@vue/runtime-core/-/runtime-core-3.2.20.tgz#8f63e956a3f88fb772541443c45a7701211012cb"
    integrity sha512-d1xfUGhZPfiZzAN7SatStD4vRtT8deJSXib2+Cz3x0brjMWKxe32asQc154FF1E2fFgMCHtnfd4A90bQEzV4GQ==
    dependencies:
      "@vue/reactivity" "3.2.20"
      "@vue/shared" "3.2.20"
  
  "@vue/runtime-dom@3.2.20":
    version "3.2.20"
    resolved "https://registry.npmjs.org/@vue/runtime-dom/-/runtime-dom-3.2.20.tgz#8aa56ae6c30f9cd4a71ca0e9ec3c4bdc67148d15"
    integrity sha512-4TCvZMLhESWCFHFYgqN4QmMA/onnINAlUovhopjlS8ST27G1A8Z0tyxPzLoXLa+b5JrOpbMPheEMPvdKExTJig==
    dependencies:
      "@vue/runtime-core" "3.2.20"
      "@vue/shared" "3.2.20"
      csstype "^2.6.8"
  
  "@vue/server-renderer@3.2.20":
    version "3.2.20"
    resolved "https://registry.npmjs.org/@vue/server-renderer/-/server-renderer-3.2.20.tgz#705e07ae9425132b2b6227d308a51a13f4d4ec81"
    integrity sha512-viIbZGep9XabnrRcaxWIi00cOh1x21QYm2upIL5W0zqzTJ54VdTzpI+zi1osNp+VfRQDTHpV2U7H3Kn4ljYJvg==
    dependencies:
      "@vue/compiler-ssr" "3.2.20"
      "@vue/shared" "3.2.20"
  
  "@vue/shared@3.2.20":
    version "3.2.20"
    resolved "https://registry.npmjs.org/@vue/shared/-/shared-3.2.20.tgz#53746961f731a8ea666e3316271e944238dc31db"
    integrity sha512-FbpX+hD5BvXCQerEYO7jtAGHlhAkhTQ4KIV73kmLWNlawWhTiVuQxizgVb0BOkX5oG9cIRZ42EG++d/k/Efp0w==
  
  csstype@^2.6.8:
    version "2.6.18"
    resolved "https://registry.npmjs.org/csstype/-/csstype-2.6.18.tgz#980a8b53085f34af313410af064f2bd241784218"
    integrity sha512-RSU6Hyeg14am3Ah4VZEmeX8H7kLwEEirXe6aU2IPfKNvhXwTflK5HQRDNI0ypQXoqmm+QPyG2IaPuQE5zMwSIQ==
  
  earcut@^2.2.2:
    version "2.2.3"
    resolved "https://registry.npmjs.org/earcut/-/earcut-2.2.3.tgz#d44ced2ff5a18859568e327dd9c7d46b16f55cf4"
    integrity sha512-iRDI1QeCQIhMCZk48DRDMVgQSSBDmbzzNhnxIo+pwx3swkfjMh6vh0nWLq1NdvGHLKH6wIrAM3vQWeTj6qeoug==
  
  esbuild-android-arm64@0.13.4:
    version "0.13.4"
    resolved "https://registry.npmjs.org/esbuild-android-arm64/-/esbuild-android-arm64-0.13.4.tgz#5178a20d2b7aba741a31c19609f9e67b346996b9"
    integrity sha512-elDJt+jNyoHFId0/dKsuVYUPke3EcquIyUwzJCH17a3ERglN3A9aMBI5zbz+xNZ+FbaDNdpn0RaJHCFLbZX+fA==
  
  esbuild-darwin-64@0.13.4:
    version "0.13.4"
    resolved "https://registry.npmjs.org/esbuild-darwin-64/-/esbuild-darwin-64-0.13.4.tgz#7a3e66c8e1271b650541b25eed65c84f3564a69d"
    integrity sha512-zJQGyHRAdZUXlRzbN7W+7ykmEiGC+bq3Gc4GxKYjjWTgDRSEly98ym+vRNkDjXwXYD3gGzSwvH35+MiHAtWvLA==
  
  esbuild-darwin-arm64@0.13.4:
    version "0.13.4"
    resolved "https://registry.npmjs.org/esbuild-darwin-arm64/-/esbuild-darwin-arm64-0.13.4.tgz#793feca6032b2a57ef291eb9b2d33768d60a49d6"
    integrity sha512-r8oYvAtqSGq8HNTZCAx4TdLE7jZiGhX9ooGi5AQAey37MA6XNaP8ZNlw9OCpcgpx3ryU2WctXwIqPzkHO7a8dg==
  
  esbuild-freebsd-64@0.13.4:
    version "0.13.4"
    resolved "https://registry.npmjs.org/esbuild-freebsd-64/-/esbuild-freebsd-64-0.13.4.tgz#294aec3c2cf4b41fb6900212fc9c33dd8fbbb4a2"
    integrity sha512-u9DRGkn09EN8+lCh6z7FKle7awi17PJRBuAKdRNgSo5ZrH/3m+mYaJK2PR2URHMpAfXiwJX341z231tSdVe3Yw==
  
  esbuild-freebsd-arm64@0.13.4:
    version "0.13.4"
    resolved "https://registry.npmjs.org/esbuild-freebsd-arm64/-/esbuild-freebsd-arm64-0.13.4.tgz#09fe66c751c12f9b976976b1d83f3de594cb2787"
    integrity sha512-q3B2k68Uf6gfjATjcK16DqxvjqRQkHL8aPoOfj4op+lSqegdXvBacB1d8jw8PxbWJ8JHpdTLdAVUYU80kotQXA==
  
  esbuild-linux-32@0.13.4:
    version "0.13.4"
    resolved "https://registry.npmjs.org/esbuild-linux-32/-/esbuild-linux-32-0.13.4.tgz#a9f0793d7bcc9cef4f4ffa4398c525877fba5839"
    integrity sha512-UUYJPHSiKAO8KoN3Ls/iZtgDLZvK5HarES96aolDPWZnq9FLx4dIHM/x2z4Rxv9IYqQ/DxlPoE2Co1UPBIYYeA==
  
  esbuild-linux-64@0.13.4:
    version "0.13.4"
    resolved "https://registry.npmjs.org/esbuild-linux-64/-/esbuild-linux-64-0.13.4.tgz#c0d0b4c9d62e3bbf8bdf2cece37403aa6d60fc2e"
    integrity sha512-+RnohAKiiUW4UHLGRkNR1AnENW1gCuDWuygEtd4jxTNPIoeC7lbXGor7rtgjj9AdUzFgOEvAXyNNX01kJ8NueQ==
  
  esbuild-linux-arm64@0.13.4:
    version "0.13.4"
    resolved "https://registry.npmjs.org/esbuild-linux-arm64/-/esbuild-linux-arm64-0.13.4.tgz#1292d97bfa64a08d12728f8a7837bf92776c779b"
    integrity sha512-+A188cAdd6QuSRxMIwRrWLjgphQA0LDAQ/ECVlrPVJwnx+1i64NjDZivoqPYLOTkSPIKntiWwMhhf0U5/RrPHQ==
  
  esbuild-linux-arm@0.13.4:
    version "0.13.4"
    resolved "https://registry.npmjs.org/esbuild-linux-arm/-/esbuild-linux-arm-0.13.4.tgz#186cd9b8885ac132b9953a4a0afe668168debd10"
    integrity sha512-BH5gKve4jglS7UPSsfwHSX79I5agC/lm4eKoRUEyo8lwQs89frQSRp2Xup+6SFQnxt3md5EsKcd2Dbkqeb3gPA==
  
  esbuild-linux-mips64le@0.13.4:
    version "0.13.4"
    resolved "https://registry.npmjs.org/esbuild-linux-mips64le/-/esbuild-linux-mips64le-0.13.4.tgz#42049bf72bc586817b4a51cc9e32148d13e5e807"
    integrity sha512-0xkwtPaUkG5xMTFGaQPe1AadSe5QAiQuD4Gix1O9k5Xo/U8xGIkw9UFUTvfEUeu71vFb6ZgsIacfP1NLoFjWNw==
  
  esbuild-linux-ppc64le@0.13.4:
    version "0.13.4"
    resolved "https://registry.npmjs.org/esbuild-linux-ppc64le/-/esbuild-linux-ppc64le-0.13.4.tgz#adf1ce2ef2302757c4383887da6ac4dd25be9d4f"
    integrity sha512-E1+oJPP7A+j23GPo3CEpBhGwG1bni4B8IbTA3/3rvzjURwUMZdcN3Fhrz24rnjzdLSHmULtOE4VsbT42h1Om4Q==
  
  esbuild-openbsd-64@0.13.4:
    version "0.13.4"
    resolved "https://registry.npmjs.org/esbuild-openbsd-64/-/esbuild-openbsd-64-0.13.4.tgz#1c8122101898c52a20c8786935cf3eb7a19b83b4"
    integrity sha512-xEkI1o5HYxDzbv9jSox0EsDxpwraG09SRiKKv0W8pH6O3bt+zPSlnoK7+I7Q69tkvONkpIq5n2o+c55uq0X7cw==
  
  esbuild-sunos-64@0.13.4:
    version "0.13.4"
    resolved "https://registry.npmjs.org/esbuild-sunos-64/-/esbuild-sunos-64-0.13.4.tgz#4ec95faa14a60f295fe485bebffefff408739337"
    integrity sha512-bjXUMcODMnB6hQicLBBmmnBl7OMDyVpFahKvHGXJfDChIi5udiIRKCmFUFIRn+AUAKVlfrofRKdyPC7kBsbvGQ==
  
  esbuild-windows-32@0.13.4:
    version "0.13.4"
    resolved "https://registry.npmjs.org/esbuild-windows-32/-/esbuild-windows-32-0.13.4.tgz#3182c380487b797b04d0ec2c80c2945666869080"
    integrity sha512-z4CH07pfyVY0XF98TCsGmLxKCl0kyvshKDbdpTekW9f2d+dJqn5mmoUyWhpSVJ0SfYWJg86FoD9nMbbaMVyGdg==
  
  esbuild-windows-64@0.13.4:
    version "0.13.4"
    resolved "https://registry.npmjs.org/esbuild-windows-64/-/esbuild-windows-64-0.13.4.tgz#b9e995f92d81f433a04f33611e603e82f9232e69"
    integrity sha512-uVL11vORRPjocGLYam67rwFLd0LvkrHEs+JG+1oJN4UD9MQmNGZPa4gBHo6hDpF+kqRJ9kXgQSeDqUyRy0tj/Q==
  
  esbuild-windows-arm64@0.13.4:
    version "0.13.4"
    resolved "https://registry.npmjs.org/esbuild-windows-arm64/-/esbuild-windows-arm64-0.13.4.tgz#fb239532f07b764d158f4cc787178ef4c6fadb5c"
    integrity sha512-vA6GLvptgftRcDcWngD5cMlL4f4LbL8JjU2UMT9yJ0MT5ra6hdZNFWnOeOoEtY4GtJ6OjZ0i+81sTqhAB0fMkg==
  
  esbuild@^0.13.2:
    version "0.13.4"
    resolved "https://registry.npmjs.org/esbuild/-/esbuild-0.13.4.tgz#ce2deb56c4fb360938311cbfc67f8e467bb6841b"
    integrity sha512-wMA5eUwpavTBiNl+It6j8OQuKVh69l6z4DKDLzoTIqC+gChnPpcmqdA8WNHptUHRnfyML+mKEQPlW7Mybj8gHg==
    optionalDependencies:
      esbuild-android-arm64 "0.13.4"
      esbuild-darwin-64 "0.13.4"
      esbuild-darwin-arm64 "0.13.4"
      esbuild-freebsd-64 "0.13.4"
      esbuild-freebsd-arm64 "0.13.4"
      esbuild-linux-32 "0.13.4"
      esbuild-linux-64 "0.13.4"
      esbuild-linux-arm "0.13.4"
      esbuild-linux-arm64 "0.13.4"
      esbuild-linux-mips64le "0.13.4"
      esbuild-linux-ppc64le "0.13.4"
      esbuild-openbsd-64 "0.13.4"
      esbuild-sunos-64 "0.13.4"
      esbuild-windows-32 "0.13.4"
      esbuild-windows-64 "0.13.4"
      esbuild-windows-arm64 "0.13.4"
  
  estree-walker@^2.0.2:
    version "2.0.2"
    resolved "https://registry.npmjs.org/estree-walker/-/estree-walker-2.0.2.tgz#52f010178c2a4c117a7757cfe942adb7d2da4cac"
    integrity sha512-Rfkk/Mp/DL7JVje3u18FxFujQlTNR2q6QfMSMB7AvCBx91NGj/ba3kCfza0f6dVDbw7YlRf/nDrn7pQrCCyQ/w==
  
  eventemitter3@^3.1.0:
    version "3.1.2"
    resolved "https://registry.npmjs.org/eventemitter3/-/eventemitter3-3.1.2.tgz#2d3d48f9c346698fce83a85d7d664e98535df6e7"
    integrity sha512-tvtQIeLVHjDkJYnzf2dgVMxfuSGJeM/7UCG17TT4EumTfNtF+0nebF/4zWOIkCreAbtNqhGEboB6BWrwqNaw4Q==
  
  fsevents@~2.3.2:
    version "2.3.2"
    resolved "https://registry.npmjs.org/fsevents/-/fsevents-2.3.2.tgz#8a526f78b8fdf4623b709e0b975c52c24c02fd1a"
    integrity sha512-xiqMQR4xAeHTuB9uWm+fFRcIOgKBMiOBP+eXiyT7jsgVCq1bkVygt00oASowB7EdtpOHaaPgKt812P9ab+DDKA==
  
  function-bind@^1.1.1:
    version "1.1.1"
    resolved "https://registry.npmjs.org/function-bind/-/function-bind-1.1.1.tgz#a56899d3ea3c9bab874bb9773b7c5ede92f4895d"
    integrity sha512-yIovAzMX49sF8Yl58fSCWJ5svSLuaibPxXQJFLmBObTuCr0Mf1KiPopGM9NiFjiYBCbfaa2Fh6breQ6ANVTI0A==
  
  has@^1.0.3:
    version "1.0.3"
    resolved "https://registry.npmjs.org/has/-/has-1.0.3.tgz#722d7cbfc1f6aa8241f16dd814e011e1f41e8796"
    integrity sha512-f2dvO0VU6Oej7RkWJGrehjbzMAjFp5/VKPp5tTpWIV4JHHZK1/BxbFRtf/siA2SWTe09caDmVtYYzWEIbBS4zw==
    dependencies:
      function-bind "^1.1.1"
  
  is-core-module@^2.2.0:
    version "2.7.0"
    resolved "https://registry.npmjs.org/is-core-module/-/is-core-module-2.7.0.tgz#3c0ef7d31b4acfc574f80c58409d568a836848e3"
    integrity sha512-ByY+tjCciCr+9nLryBYcSD50EOGWt95c7tIsKTG1J2ixKKXPvF7Ej3AVd+UfDydAJom3biBGDBALaO79ktwgEQ==
    dependencies:
      has "^1.0.3"
  
  ismobilejs@^1.1.0:
    version "1.1.1"
    resolved "https://registry.npmjs.org/ismobilejs/-/ismobilejs-1.1.1.tgz#c56ca0ae8e52b24ca0f22ba5ef3215a2ddbbaa0e"
    integrity sha512-VaFW53yt8QO61k2WJui0dHf4SlL8lxBofUuUmwBo0ljPk0Drz2TiuDW4jo3wDcv41qy/SxrJ+VAzJ/qYqsmzRw==
  
  magic-string@^0.25.7:
    version "0.25.7"
    resolved "https://registry.npmjs.org/magic-string/-/magic-string-0.25.7.tgz#3f497d6fd34c669c6798dcb821f2ef31f5445051"
    integrity sha512-4CrMT5DOHTDk4HYDlzmwu4FVCcIYI8gauveasrdCu2IKIFOJ3f0v/8MDGJCDL9oD2ppz/Av1b0Nj345H9M+XIA==
    dependencies:
      sourcemap-codec "^1.4.4"
  
  nanoid@^3.1.28:
    version "3.1.29"
    resolved "https://registry.npmjs.org/nanoid/-/nanoid-3.1.29.tgz#214fb2d7a33e1a5bef4757b779dfaeb6a4e5aeb4"
    integrity sha512-dW2pUSGZ8ZnCFIlBIA31SV8huOGCHb6OwzVCc7A69rb/a+SgPBwfmLvK5TKQ3INPbRkcI8a/Owo0XbiTNH19wg==
  
  object-assign@^4.1.1:
    version "4.1.1"
    resolved "https://registry.npmjs.org/object-assign/-/object-assign-4.1.1.tgz#2109adc7965887cfc05cbbd442cac8bfbb360863"
    integrity sha1-IQmtx5ZYh8/AXLvUQsrIv7s2CGM=
  
  path-parse@^1.0.6:
    version "1.0.7"
    resolved "https://registry.npmjs.org/path-parse/-/path-parse-1.0.7.tgz#fbc114b60ca42b30d9daf5858e4bd68bbedb6735"
    integrity sha512-LDJzPVEEEPR+y48z93A0Ed0yXb8pAByGWo/k5YYdYgpY2/2EsOsksJrq7lOHxryrVOn1ejG6oAp8ahvOIQD8sw==
  
  picocolors@^0.2.1:
    version "0.2.1"
    resolved "https://registry.npmjs.org/picocolors/-/picocolors-0.2.1.tgz#570670f793646851d1ba135996962abad587859f"
    integrity sha512-cMlDqaLEqfSaW8Z7N5Jw+lyIW869EzT73/F5lhtY9cLGoVxSXznfgfXMO0Z5K0o0Q2TkTXq+0KFsdnSe3jDViA==
  
  pixi.js@^6.1.3:
    version "6.1.3"
    resolved "https://registry.npmjs.org/pixi.js/-/pixi.js-6.1.3.tgz#b8ff7a7348dac1def839e7cb970c7efe3283e0fd"
    integrity sha512-h8Y/YVgP4CSPoUQvXaQvQf5GyQxi0b1NtVD38bZQsrX4CQ3r85jBU+zPyHN0fAcvhCB+nNvdD2sEwhhqkNsuSw==
    dependencies:
      "@pixi/accessibility" "6.1.3"
      "@pixi/app" "6.1.3"
      "@pixi/compressed-textures" "6.1.3"
      "@pixi/constants" "6.1.3"
      "@pixi/core" "6.1.3"
      "@pixi/display" "6.1.3"
      "@pixi/extract" "6.1.3"
      "@pixi/filter-alpha" "6.1.3"
      "@pixi/filter-blur" "6.1.3"
      "@pixi/filter-color-matrix" "6.1.3"
      "@pixi/filter-displacement" "6.1.3"
      "@pixi/filter-fxaa" "6.1.3"
      "@pixi/filter-noise" "6.1.3"
      "@pixi/graphics" "6.1.3"
      "@pixi/interaction" "6.1.3"
      "@pixi/loaders" "6.1.3"
      "@pixi/math" "6.1.3"
      "@pixi/mesh" "6.1.3"
      "@pixi/mesh-extras" "6.1.3"
      "@pixi/mixin-cache-as-bitmap" "6.1.3"
      "@pixi/mixin-get-child-by-name" "6.1.3"
      "@pixi/mixin-get-global-position" "6.1.3"
      "@pixi/particle-container" "6.1.3"
      "@pixi/polyfill" "6.1.3"
      "@pixi/prepare" "6.1.3"
      "@pixi/runner" "6.1.3"
      "@pixi/settings" "6.1.3"
      "@pixi/sprite" "6.1.3"
      "@pixi/sprite-animated" "6.1.3"
      "@pixi/sprite-tiling" "6.1.3"
      "@pixi/spritesheet" "6.1.3"
      "@pixi/text" "6.1.3"
      "@pixi/text-bitmap" "6.1.3"
      "@pixi/ticker" "6.1.3"
      "@pixi/utils" "6.1.3"
  
  postcss@^8.1.10, postcss@^8.3.8:
    version "8.3.9"
    resolved "https://registry.npmjs.org/postcss/-/postcss-8.3.9.tgz#98754caa06c4ee9eb59cc48bd073bb6bd3437c31"
    integrity sha512-f/ZFyAKh9Dnqytx5X62jgjhhzttjZS7hMsohcI7HEI5tjELX/HxCy3EFhsRxyzGvrzFF+82XPvCS8T9TFleVJw==
    dependencies:
      nanoid "^3.1.28"
      picocolors "^0.2.1"
      source-map-js "^0.6.2"
  
  promise-polyfill@^8.2.0:
    version "8.2.0"
    resolved "https://registry.npmjs.org/promise-polyfill/-/promise-polyfill-8.2.0.tgz#367394726da7561457aba2133c9ceefbd6267da0"
    integrity sha512-k/TC0mIcPVF6yHhUvwAp7cvL6I2fFV7TzF1DuGPI8mBh4QQazf36xCKEHKTZKRysEoTQoQdKyP25J8MPJp7j5g==
  
  punycode@1.3.2:
    version "1.3.2"
    resolved "https://registry.npmjs.org/punycode/-/punycode-1.3.2.tgz#9653a036fb7c1ee42342f2325cceefea3926c48d"
    integrity sha1-llOgNvt8HuQjQvIyXM7v6jkmxI0=
  
  querystring@0.2.0:
    version "0.2.0"
    resolved "https://registry.npmjs.org/querystring/-/querystring-0.2.0.tgz#b209849203bb25df820da756e747005878521620"
    integrity sha1-sgmEkgO7Jd+CDadW50cAWHhSFiA=
  
  resolve@^1.20.0:
    version "1.20.0"
    resolved "https://registry.npmjs.org/resolve/-/resolve-1.20.0.tgz#629a013fb3f70755d6f0b7935cc1c2c5378b1975"
    integrity sha512-wENBPt4ySzg4ybFQW2TT1zMQucPK95HSh/nq2CFTZVOGut2+pQvSsgtda4d26YrYcr067wjbmzOG8byDPBX63A==
    dependencies:
      is-core-module "^2.2.0"
      path-parse "^1.0.6"
  
  rollup@^2.57.0:
    version "2.58.0"
    resolved "https://registry.npmjs.org/rollup/-/rollup-2.58.0.tgz#a643983365e7bf7f5b7c62a8331b983b7c4c67fb"
    integrity sha512-NOXpusKnaRpbS7ZVSzcEXqxcLDOagN6iFS8p45RkoiMqPHDLwJm758UF05KlMoCRbLBTZsPOIa887gZJ1AiXvw==
    optionalDependencies:
      fsevents "~2.3.2"
  
  source-map-js@^0.6.2:
    version "0.6.2"
    resolved "https://registry.npmjs.org/source-map-js/-/source-map-js-0.6.2.tgz#0bb5de631b41cfbda6cfba8bd05a80efdfd2385e"
    integrity sha512-/3GptzWzu0+0MBQFrDKzw/DvvMTUORvgY6k6jd/VS6iCR4RDTKWH6v6WPwQoUO8667uQEf9Oe38DxAYWY5F/Ug==
  
  source-map@^0.6.1:
    version "0.6.1"
    resolved "https://registry.npmjs.org/source-map/-/source-map-0.6.1.tgz#74722af32e9614e9c287a8d0bbde48b5e2f1a263"
    integrity sha512-UjgapumWlbMhkBgzT7Ykc5YXUT46F0iKu8SGXq0bcwP5dz/h0Plj6enJqjz1Zbq2l5WaqYnrVbwWOWMyF3F47g==
  
  sourcemap-codec@^1.4.4:
    version "1.4.8"
    resolved "https://registry.npmjs.org/sourcemap-codec/-/sourcemap-codec-1.4.8.tgz#ea804bd94857402e6992d05a38ef1ae35a9ab4c4"
    integrity sha512-9NykojV5Uih4lgo5So5dtw+f0JgJX30KCNI8gwhz2J9A15wD0Ml6tjHKwf6fTSa6fAdVBdZeNOs9eJ71qCk8vA==
  
  url@^0.11.0:
    version "0.11.0"
    resolved "https://registry.npmjs.org/url/-/url-0.11.0.tgz#3838e97cfc60521eb73c525a8e55bfdd9e2e28f1"
    integrity sha1-ODjpfPxgUh63PFJajlW/3Z4uKPE=
    dependencies:
      punycode "1.3.2"
      querystring "0.2.0"
  
  victor@^1.1.0:
    version "1.1.0"
    resolved "https://registry.npmjs.org/victor/-/victor-1.1.0.tgz#de3cc77b15589b1b0c7b22c3dad297034ab002ba"
    integrity sha1-3jzHexVYmxsMeyLD2tKXA0qwAro=
  
  vite@^2.6.4:
    version "2.6.5"
    resolved "https://registry.npmjs.org/vite/-/vite-2.6.5.tgz#c4d25972e2f7371e682da86828722ddf5126f3d1"
    integrity sha512-vavXMChDUb4Oh4YunrK9BrH5Ox74cu0eOp0VuyI/iqFz1FqbWD72So2c9I87lLL2n0+6tFPV5ijow60KrtxuZg==
    dependencies:
      esbuild "^0.13.2"
      postcss "^8.3.8"
      resolve "^1.20.0"
      rollup "^2.57.0"
    optionalDependencies:
      fsevents "~2.3.2"
  
  vue@^3.2.16:
    version "3.2.20"
    resolved "https://registry.npmjs.org/vue/-/vue-3.2.20.tgz#940f8aa8bf3e3be78243ca582bad41fcd45ae3e6"
    integrity sha512-81JjEP4OGk9oO8+CU0h2nFPGgJBm9mNa3kdCX2k6FuRdrWrC+CNe+tOnuIeTg8EWwQuI+wwdra5Q7vSzp7p4Iw==
    dependencies:
      "@vue/compiler-dom" "3.2.20"
      "@vue/compiler-sfc" "3.2.20"
      "@vue/runtime-dom" "3.2.20"
      "@vue/server-renderer" "3.2.20"
      "@vue/shared" "3.2.20"
  
  xstate@^4.25.0:
    version "4.25.0"
    resolved "https://registry.npmjs.org/xstate/-/xstate-4.25.0.tgz#d902ef33137532043f7a88597af8e5e1c7ad6bdf"
    integrity sha512-qP7lc/ypOuuWME4ArOBnzaCa90TfHkjiqYDmxpiCjPy6FcXstInA2vH6qRVAHbPXRK4KQIYfIEOk1X38P+TldQ==
